{"level":"info","ts":1761927572.1697705,"logger":"apilogger","msg":"request","path":"/api/v1/auth/register","method":"POST","status":500,"clientIP":"::1","latency":0.0039429}
{"level":"info","ts":1761927580.18779,"logger":"apilogger","msg":"request","path":"/api/v1/auth/register","method":"POST","status":500,"clientIP":"::1","latency":0.0038779}
{"level":"info","ts":1761927740.5324376,"logger":"apilogger","msg":"request","path":"/api/v1/auth/register","method":"POST","status":500,"clientIP":"::1","latency":0.004767}
{"level":"info","ts":1761927879.4312756,"logger":"apilogger","msg":"request","path":"/api/v1/auth/register","method":"POST","status":500,"clientIP":"::1","latency":0.0015629}
{"level":"info","ts":1761927919.55756,"logger":"apilogger","msg":"request","path":"/api/v1/auth/register","method":"POST","status":500,"clientIP":"::1","latency":0.0041254}
{"level":"info","ts":1761928537.6926281,"logger":"apilogger","msg":"request","path":"/api/v1/auth/register","method":"POST","status":201,"clientIP":"::1","latency":0.087383}
{"level":"info","ts":1761928635.485966,"logger":"apilogger","msg":"request","path":"/api/v1/emails?limit=5","method":"GET","status":200,"clientIP":"::1","latency":0.0422505}
{"level":"info","ts":1761928635.4991348,"logger":"apilogger","msg":"request","path":"/api/v1/emails?limit=5","method":"GET","status":200,"clientIP":"::1","latency":0.0078596}
{"level":"info","ts":1761928649.821457,"logger":"apilogger","msg":"request","path":"/api/v1/auth/login","method":"POST","status":200,"clientIP":"::1","latency":0.0773027}
{"level":"info","ts":1761928649.9489727,"logger":"apilogger","msg":"request","path":"/api/v1/emails?limit=5","method":"GET","status":200,"clientIP":"::1","latency":0.0035927}
{"level":"info","ts":1761928649.955482,"logger":"apilogger","msg":"request","path":"/api/v1/emails?limit=5","method":"GET","status":200,"clientIP":"::1","latency":0.0054468}
{"level":"info","ts":1761928794.0586164,"logger":"apilogger","msg":"request","path":"/api/v1/emails?limit=5","method":"GET","status":200,"clientIP":"::1","latency":0.0087393}
{"level":"info","ts":1761928794.070969,"logger":"apilogger","msg":"request","path":"/api/v1/emails?limit=5","method":"GET","status":200,"clientIP":"::1","latency":0.0061224}
{"level":"info","ts":1761928800.8189824,"logger":"apilogger","msg":"request","path":"/api/v1/auth/login","method":"POST","status":200,"clientIP":"::1","latency":0.0762572}
{"level":"info","ts":1761928800.9321096,"logger":"apilogger","msg":"request","path":"/api/v1/emails?limit=5","method":"GET","status":200,"clientIP":"::1","latency":0.0041614}
{"level":"info","ts":1761928800.9390972,"logger":"apilogger","msg":"request","path":"/api/v1/emails?limit=5","method":"GET","status":200,"clientIP":"::1","latency":0.0052422}
{"level":"info","ts":1761928917.712892,"logger":"apilogger","msg":"request","path":"/api/v1/emails?limit=5","method":"GET","status":200,"clientIP":"::1","latency":0.0081868}
{"level":"info","ts":1761928917.7201746,"logger":"apilogger","msg":"request","path":"/api/v1/emails?limit=5","method":"GET","status":200,"clientIP":"::1","latency":0.0053456}
{"level":"info","ts":1761928931.1576755,"logger":"apilogger","msg":"request","path":"/api/v1/auth/login","method":"POST","status":200,"clientIP":"::1","latency":0.0779709}
{"level":"info","ts":1761928931.2695456,"logger":"apilogger","msg":"request","path":"/api/v1/emails?limit=5","method":"GET","status":200,"clientIP":"::1","latency":0.0044195}
{"level":"info","ts":1761928931.2754264,"logger":"apilogger","msg":"request","path":"/api/v1/emails?limit=5","method":"GET","status":200,"clientIP":"::1","latency":0.0045428}
{"level":"info","ts":1761929053.327542,"logger":"apilogger","msg":"request","path":"/api/v1/emails?limit=5","method":"GET","status":200,"clientIP":"::1","latency":0.0186736}
{"level":"info","ts":1761929053.3374312,"logger":"apilogger","msg":"request","path":"/api/v1/emails?limit=5","method":"GET","status":200,"clientIP":"::1","latency":0.0043487}
{"level":"info","ts":1761929062.5216987,"logger":"apilogger","msg":"request","path":"/api/v1/auth/login","method":"POST","status":200,"clientIP":"::1","latency":0.0850666}
{"level":"info","ts":1761929062.6443903,"logger":"apilogger","msg":"request","path":"/api/v1/emails?limit=5","method":"GET","status":200,"clientIP":"::1","latency":0.0045075}
{"level":"info","ts":1761929062.6489162,"logger":"apilogger","msg":"request","path":"/api/v1/emails?limit=5","method":"GET","status":200,"clientIP":"::1","latency":0.0030525}
{"level":"info","ts":1761929083.4017742,"logger":"apilogger","msg":"request","path":"/api/v1/templates","method":"GET","status":500,"clientIP":"::1","latency":0.0112399}
{"level":"info","ts":1761929083.4121487,"logger":"apilogger","msg":"request","path":"/api/v1/templates","method":"GET","status":500,"clientIP":"::1","latency":0.0091571}
{"level":"info","ts":1761929094.031315,"logger":"apilogger","msg":"request","path":"/api/v1/templates","method":"GET","status":500,"clientIP":"::1","latency":0.0104501}
{"level":"info","ts":1761929094.0417633,"logger":"apilogger","msg":"request","path":"/api/v1/templates","method":"GET","status":500,"clientIP":"::1","latency":0.0087795}
{"level":"info","ts":1761929096.8288586,"logger":"apilogger","msg":"request","path":"/api/v1/emails?limit=5","method":"GET","status":200,"clientIP":"::1","latency":0.007277}
{"level":"info","ts":1761929096.8363469,"logger":"apilogger","msg":"request","path":"/api/v1/emails?limit=5","method":"GET","status":200,"clientIP":"::1","latency":0.0059002}
{"level":"info","ts":1761929144.0941167,"logger":"apilogger","msg":"request","path":"/api/v1/templates","method":"GET","status":500,"clientIP":"::1","latency":0.0162207}
{"level":"info","ts":1761929144.1119547,"logger":"apilogger","msg":"request","path":"/api/v1/templates","method":"GET","status":500,"clientIP":"::1","latency":0.0151867}
{"level":"info","ts":1761929216.2155282,"logger":"apilogger","msg":"request","path":"/api/v1/templates?limit=3&is_active=true","method":"GET","status":200,"clientIP":"::1","latency":0.0052188}
{"level":"info","ts":1761929225.6498454,"logger":"apilogger","msg":"request","path":"/api/v1/emails?limit=5","method":"GET","status":200,"clientIP":"::1","latency":0.0061669}
{"level":"info","ts":1761929225.6564732,"logger":"apilogger","msg":"request","path":"/api/v1/emails?limit=5","method":"GET","status":200,"clientIP":"::1","latency":0.0050639}
{"level":"info","ts":1761929246.582129,"logger":"apilogger","msg":"request","path":"/api/v1/emails?limit=5","method":"GET","status":200,"clientIP":"::1","latency":0.0039215}
{"level":"info","ts":1761929246.5863338,"logger":"apilogger","msg":"request","path":"/api/v1/emails?limit=5","method":"GET","status":200,"clientIP":"::1","latency":0.003162}
{"level":"info","ts":1761929255.5967102,"logger":"apilogger","msg":"request","path":"/api/v1/auth/login","method":"POST","status":200,"clientIP":"::1","latency":0.0825329}
{"level":"info","ts":1761929255.6992495,"logger":"apilogger","msg":"request","path":"/api/v1/emails?limit=5","method":"GET","status":200,"clientIP":"::1","latency":0.0035708}
{"level":"info","ts":1761929255.7042472,"logger":"apilogger","msg":"request","path":"/api/v1/emails?limit=5","method":"GET","status":200,"clientIP":"::1","latency":0.0037858}
{"level":"info","ts":1761929328.4703543,"logger":"apilogger","msg":"request","path":"/api/v1/emails?limit=5","method":"GET","status":200,"clientIP":"::1","latency":0.0137954}
{"level":"info","ts":1761929328.48031,"logger":"apilogger","msg":"request","path":"/api/v1/emails?limit=5","method":"GET","status":200,"clientIP":"::1","latency":0.0057496}
{"level":"info","ts":1761929333.7131228,"logger":"apilogger","msg":"request","path":"/api/v1/auth/login","method":"POST","status":200,"clientIP":"::1","latency":0.0848921}
{"level":"info","ts":1761929333.8171654,"logger":"apilogger","msg":"request","path":"/api/v1/emails?limit=5","method":"GET","status":200,"clientIP":"::1","latency":0.0040302}
{"level":"info","ts":1761929333.8227258,"logger":"apilogger","msg":"request","path":"/api/v1/emails?limit=5","method":"GET","status":200,"clientIP":"::1","latency":0.0039839}
{"level":"info","ts":1761929635.321523,"logger":"apilogger","msg":"request","path":"/api/v1/auth/login","method":"POST","status":200,"clientIP":"::1","latency":0.0880023}
{"level":"info","ts":1761929635.49175,"logger":"apilogger","msg":"request","path":"/api/v1/emails?limit=5","method":"GET","status":200,"clientIP":"::1","latency":0.0069068}
{"level":"info","ts":1761929635.5064862,"logger":"apilogger","msg":"request","path":"/api/v1/emails?limit=5","method":"GET","status":200,"clientIP":"::1","latency":0.0128707}
{"level":"info","ts":1761930108.8269916,"logger":"apilogger","msg":"request","path":"/api/v1/emails?limit=5","method":"GET","status":200,"clientIP":"::1","latency":0.0288724}
{"level":"info","ts":1761930108.841998,"logger":"apilogger","msg":"request","path":"/api/v1/emails?limit=5","method":"GET","status":200,"clientIP":"::1","latency":0.0093871}
{"level":"info","ts":1761930728.3788695,"logger":"apilogger","msg":"request","path":"/api/v1/auth/login","method":"POST","status":200,"clientIP":"::1","latency":0.1811715}
{"level":"info","ts":1761930729.1209655,"logger":"apilogger","msg":"request","path":"/api/v1/emails?limit=5","method":"GET","status":200,"clientIP":"::1","latency":0.0050808}
{"level":"info","ts":1761930729.13148,"logger":"apilogger","msg":"request","path":"/api/v1/emails?limit=5","method":"GET","status":200,"clientIP":"::1","latency":0.0066486}
{"level":"info","ts":1761930750.8722968,"logger":"apilogger","msg":"request","path":"/api/v1/email-services","method":"GET","status":401,"clientIP":"::1","latency":0.0120356}
{"level":"info","ts":1761930750.8853068,"logger":"apilogger","msg":"request","path":"/api/v1/email-services","method":"GET","status":401,"clientIP":"::1","latency":0.0070775}
{"level":"info","ts":1761930750.9344962,"logger":"apilogger","msg":"request","path":"/api/v1/auth/refresh","method":"POST","status":200,"clientIP":"::1","latency":0.0468476}
{"level":"info","ts":1761930750.9436495,"logger":"apilogger","msg":"request","path":"/api/v1/email-services","method":"GET","status":401,"clientIP":"::1","latency":0.0017507}
{"level":"info","ts":1761930750.9514482,"logger":"apilogger","msg":"request","path":"/api/v1/auth/refresh","method":"POST","status":401,"clientIP":"::1","latency":0.0566279}
{"level":"info","ts":1761930759.8262792,"logger":"apilogger","msg":"request","path":"/api/v1/auth/login","method":"POST","status":200,"clientIP":"::1","latency":0.1901113}
{"level":"info","ts":1761930760.1550117,"logger":"apilogger","msg":"request","path":"/api/v1/emails?limit=5","method":"GET","status":200,"clientIP":"::1","latency":0.0109029}
{"level":"info","ts":1761930760.1644235,"logger":"apilogger","msg":"request","path":"/api/v1/emails?limit=5","method":"GET","status":200,"clientIP":"::1","latency":0.0059283}
{"level":"info","ts":1761930763.7742634,"logger":"apilogger","msg":"request","path":"/api/v1/email-services","method":"GET","status":401,"clientIP":"::1","latency":0.0045436}
{"level":"info","ts":1761930763.7836885,"logger":"apilogger","msg":"request","path":"/api/v1/email-services","method":"GET","status":401,"clientIP":"::1","latency":0.0061779}
{"level":"info","ts":1761930763.817653,"logger":"apilogger","msg":"request","path":"/api/v1/auth/refresh","method":"POST","status":200,"clientIP":"::1","latency":0.0334155}
{"level":"info","ts":1761930763.8210843,"logger":"apilogger","msg":"request","path":"/api/v1/auth/refresh","method":"POST","status":401,"clientIP":"::1","latency":0.0291973}
{"level":"info","ts":1761930763.831956,"logger":"apilogger","msg":"request","path":"/api/v1/email-services","method":"GET","status":401,"clientIP":"::1","latency":0.0061375}
{"level":"info","ts":1761930844.0762932,"logger":"apilogger","msg":"request","path":"/api/v1/auth/login","method":"POST","status":200,"clientIP":"::1","latency":0.185471}
{"level":"info","ts":1761930844.4216452,"logger":"apilogger","msg":"request","path":"/api/v1/emails?limit=5","method":"GET","status":200,"clientIP":"::1","latency":0.0041132}
{"level":"info","ts":1761930844.4279351,"logger":"apilogger","msg":"request","path":"/api/v1/emails?limit=5","method":"GET","status":200,"clientIP":"::1","latency":0.0047754}
{"level":"info","ts":1761930852.159515,"logger":"apilogger","msg":"request","path":"/api/v1/templates","method":"GET","status":200,"clientIP":"::1","latency":0.0092899}
{"level":"info","ts":1761930852.1780953,"logger":"apilogger","msg":"request","path":"/api/v1/templates","method":"GET","status":200,"clientIP":"::1","latency":0.0135547}
{"level":"info","ts":1761930857.3531594,"logger":"apilogger","msg":"request","path":"/api/v1/email-services","method":"GET","status":401,"clientIP":"::1","latency":0.0073758}
{"level":"info","ts":1761930857.3632996,"logger":"apilogger","msg":"request","path":"/api/v1/email-services","method":"GET","status":401,"clientIP":"::1","latency":0.0055795}
{"level":"info","ts":1761930857.429505,"logger":"apilogger","msg":"request","path":"/api/v1/auth/refresh","method":"POST","status":200,"clientIP":"::1","latency":0.0573091}
{"level":"info","ts":1761930857.4320354,"logger":"apilogger","msg":"request","path":"/api/v1/auth/refresh","method":"POST","status":401,"clientIP":"::1","latency":0.0587821}
{"level":"info","ts":1761930857.440275,"logger":"apilogger","msg":"request","path":"/api/v1/email-services","method":"GET","status":401,"clientIP":"::1","latency":0.0036608}
{"level":"info","ts":1761930980.3674765,"logger":"apilogger","msg":"request","path":"/api/v1/auth/login","method":"POST","status":200,"clientIP":"::1","latency":0.2012765}
{"level":"info","ts":1761930980.8714275,"logger":"apilogger","msg":"request","path":"/api/v1/emails?limit=5","method":"GET","status":200,"clientIP":"::1","latency":0.052282}
{"level":"info","ts":1761930980.8967762,"logger":"apilogger","msg":"request","path":"/api/v1/emails?limit=5","method":"GET","status":200,"clientIP":"::1","latency":0.0190357}
{"level":"info","ts":1761930987.0227315,"logger":"apilogger","msg":"request","path":"/api/v1/email-services","method":"GET","status":401,"clientIP":"::1","latency":0.0072665}
{"level":"info","ts":1761930987.0292087,"logger":"apilogger","msg":"request","path":"/api/v1/email-services","method":"GET","status":401,"clientIP":"::1","latency":0.004605}
{"level":"info","ts":1761930987.0850127,"logger":"apilogger","msg":"request","path":"/api/v1/auth/refresh","method":"POST","status":200,"clientIP":"::1","latency":0.050342}
{"level":"info","ts":1761930987.0902863,"logger":"apilogger","msg":"request","path":"/api/v1/auth/refresh","method":"POST","status":401,"clientIP":"::1","latency":0.049372}
{"level":"info","ts":1761930987.1132991,"logger":"apilogger","msg":"request","path":"/api/v1/email-services","method":"GET","status":401,"clientIP":"::1","latency":0.0169752}
{"level":"info","ts":1761931123.1355793,"logger":"apilogger","msg":"request","path":"/api/v1/auth/login","method":"POST","status":200,"clientIP":"::1","latency":0.1933599}
{"level":"info","ts":1761931123.9209177,"logger":"apilogger","msg":"request","path":"/api/v1/emails?limit=5","method":"GET","status":200,"clientIP":"::1","latency":0.0098937}
{"level":"info","ts":1761931123.9638424,"logger":"apilogger","msg":"request","path":"/api/v1/emails?limit=5","method":"GET","status":200,"clientIP":"::1","latency":0.0241346}
{"level":"info","ts":1761931244.2637587,"logger":"apilogger","msg":"request","path":"/api/v1/templates?limit=3","method":"GET","status":401,"clientIP":"::1","latency":0}
{"level":"info","ts":1761931257.8762946,"logger":"apilogger","msg":"request","path":"/api/v1/templates?limit=3","method":"GET","status":401,"clientIP":"::1","latency":0.0005211}
{"level":"info","ts":1761931302.447846,"logger":"apilogger","msg":"request","path":"/api/v1/templates","method":"GET","status":200,"clientIP":"::1","latency":0.0251197}
{"level":"info","ts":1761931302.4601107,"logger":"apilogger","msg":"request","path":"/api/v1/templates","method":"GET","status":200,"clientIP":"::1","latency":0.008745}
{"level":"info","ts":1761931307.3255496,"logger":"apilogger","msg":"request","path":"/api/v1/emails?limit=5","method":"GET","status":200,"clientIP":"::1","latency":0.0099139}
{"level":"info","ts":1761931307.3334575,"logger":"apilogger","msg":"request","path":"/api/v1/emails?limit=5","method":"GET","status":200,"clientIP":"::1","latency":0.0062743}
{"level":"info","ts":1761931315.809942,"logger":"apilogger","msg":"request","path":"/api/v1/email-services","method":"GET","status":401,"clientIP":"::1","latency":0.0063466}
{"level":"info","ts":1761931315.8162699,"logger":"apilogger","msg":"request","path":"/api/v1/email-services","method":"GET","status":401,"clientIP":"::1","latency":0.0039597}
{"level":"info","ts":1761931315.8818429,"logger":"apilogger","msg":"request","path":"/api/v1/auth/refresh","method":"POST","status":200,"clientIP":"::1","latency":0.0613138}
{"level":"info","ts":1761931315.8892527,"logger":"apilogger","msg":"request","path":"/api/v1/auth/refresh","method":"POST","status":401,"clientIP":"::1","latency":0.0639614}
{"level":"info","ts":1761931315.8910718,"logger":"apilogger","msg":"request","path":"/api/v1/email-services","method":"GET","status":401,"clientIP":"::1","latency":0.0023291}
{"level":"info","ts":1761931363.9838634,"logger":"apilogger","msg":"request","path":"/api/v1/auth/register","method":"POST","status":201,"clientIP":"::1","latency":0.174069}
{"level":"info","ts":1761931419.3275962,"logger":"apilogger","msg":"request","path":"/api/v1/auth/login","method":"POST","status":200,"clientIP":"::1","latency":0.2041922}
{"level":"info","ts":1761931419.632554,"logger":"apilogger","msg":"request","path":"/api/v1/emails?limit=5","method":"GET","status":200,"clientIP":"::1","latency":0.0040851}
{"level":"info","ts":1761931419.6396792,"logger":"apilogger","msg":"request","path":"/api/v1/emails?limit=5","method":"GET","status":200,"clientIP":"::1","latency":0.0046208}
{"level":"info","ts":1761931441.3731132,"logger":"apilogger","msg":"request","path":"/api/v1/email-services","method":"GET","status":401,"clientIP":"::1","latency":0.0081646}
{"level":"info","ts":1761931441.3779862,"logger":"apilogger","msg":"request","path":"/api/v1/email-services","method":"GET","status":401,"clientIP":"::1","latency":0.0036391}
{"level":"info","ts":1761931441.4395542,"logger":"apilogger","msg":"request","path":"/api/v1/auth/refresh","method":"POST","status":200,"clientIP":"::1","latency":0.0388138}
{"level":"info","ts":1761931441.4467945,"logger":"apilogger","msg":"request","path":"/api/v1/auth/refresh","method":"POST","status":401,"clientIP":"::1","latency":0.0452525}
{"level":"info","ts":1761931441.454129,"logger":"apilogger","msg":"request","path":"/api/v1/email-services","method":"GET","status":401,"clientIP":"::1","latency":0.0067045}
{"level":"info","ts":1761931503.841106,"logger":"apilogger","msg":"request","path":"/api/v1/auth/login","method":"POST","status":200,"clientIP":"::1","latency":0.1140859}
{"level":"info","ts":1761931504.292974,"logger":"apilogger","msg":"request","path":"/api/v1/auth/login","method":"POST","status":200,"clientIP":"::1","latency":0.1298719}
{"level":"info","ts":1761931781.0398755,"logger":"apilogger","msg":"request","path":"/api/v1/auth/login","method":"POST","status":401,"clientIP":"::1","latency":0.01256}
{"level":"info","ts":1761931781.060373,"logger":"apilogger","msg":"request","path":"/api/v1/auth/refresh","method":"POST","status":400,"clientIP":"::1","latency":0.0009047}
{"level":"info","ts":1761931790.0560684,"logger":"apilogger","msg":"request","path":"/api/v1/auth/login","method":"POST","status":200,"clientIP":"::1","latency":0.2799066}
{"level":"info","ts":1761931790.6316342,"logger":"apilogger","msg":"request","path":"/api/v1/emails?limit=5","method":"GET","status":200,"clientIP":"::1","latency":0.0199275}
{"level":"info","ts":1761931790.6447394,"logger":"apilogger","msg":"request","path":"/api/v1/emails?limit=5","method":"GET","status":200,"clientIP":"::1","latency":0.0096156}
{"level":"info","ts":1761931793.0647035,"logger":"apilogger","msg":"request","path":"/api/v1/email-services","method":"GET","status":200,"clientIP":"::1","latency":0.0368469}
{"level":"info","ts":1761931793.093318,"logger":"apilogger","msg":"request","path":"/api/v1/email-services","method":"GET","status":200,"clientIP":"::1","latency":0.0245658}
{"level":"info","ts":1761977562.6010563,"logger":"apilogger","msg":"request","path":"/api/v1/auth/login","method":"POST","status":200,"clientIP":"::1","latency":0.0862146}
{"level":"info","ts":1761977564.1522727,"logger":"apilogger","msg":"request","path":"/api/v1/emails?limit=5","method":"GET","status":200,"clientIP":"::1","latency":0.0096139}
{"level":"info","ts":1761977564.1610506,"logger":"apilogger","msg":"request","path":"/api/v1/emails?limit=5","method":"GET","status":200,"clientIP":"::1","latency":0.0067173}
{"level":"info","ts":1761977580.0127273,"logger":"apilogger","msg":"request","path":"/api/v1/templates","method":"GET","status":200,"clientIP":"::1","latency":0.0108695}
{"level":"info","ts":1761977580.0286863,"logger":"apilogger","msg":"request","path":"/api/v1/templates","method":"GET","status":200,"clientIP":"::1","latency":0.0119256}
{"level":"info","ts":1761977583.0791218,"logger":"apilogger","msg":"request","path":"/api/v1/email-services","method":"GET","status":200,"clientIP":"::1","latency":0.0108969}
{"level":"info","ts":1761977583.0849035,"logger":"apilogger","msg":"request","path":"/api/v1/email-services","method":"GET","status":200,"clientIP":"::1","latency":0.0038823}
{"level":"info","ts":1761977595.6904845,"logger":"apilogger","msg":"request","path":"/api/v1/templates","method":"GET","status":200,"clientIP":"::1","latency":0.0048742}
{"level":"info","ts":1761977595.6957211,"logger":"apilogger","msg":"request","path":"/api/v1/templates","method":"GET","status":200,"clientIP":"::1","latency":0.0040489}
{"level":"info","ts":1761977613.0060256,"logger":"apilogger","msg":"request","path":"/api/v1/templates","method":"GET","status":200,"clientIP":"::1","latency":0.0105029}
{"level":"info","ts":1761977613.0143638,"logger":"apilogger","msg":"request","path":"/api/v1/templates","method":"GET","status":200,"clientIP":"::1","latency":0.0054514}
{"level":"info","ts":1761977614.4386117,"logger":"apilogger","msg":"request","path":"/api/v1/templates","method":"GET","status":200,"clientIP":"::1","latency":0.0046337}
{"level":"info","ts":1761977614.4456909,"logger":"apilogger","msg":"request","path":"/api/v1/templates","method":"GET","status":200,"clientIP":"::1","latency":0.0052234}
{"level":"info","ts":1761977620.093502,"logger":"apilogger","msg":"request","path":"/api/v1/email-services","method":"GET","status":200,"clientIP":"::1","latency":0.0031818}
{"level":"info","ts":1761977620.0998068,"logger":"apilogger","msg":"request","path":"/api/v1/email-services","method":"GET","status":200,"clientIP":"::1","latency":0.0047811}
{"level":"info","ts":1761980831.3520658,"logger":"apilogger","msg":"request","path":"/api/v1/auth/login","method":"POST","status":200,"clientIP":"::1","latency":0.0729171}
{"level":"info","ts":1761980831.4935136,"logger":"apilogger","msg":"request","path":"/api/v1/emails?limit=5","method":"GET","status":200,"clientIP":"::1","latency":0.0052412}
{"level":"info","ts":1761980831.4997122,"logger":"apilogger","msg":"request","path":"/api/v1/emails?limit=5","method":"GET","status":200,"clientIP":"::1","latency":0.0046814}
{"level":"info","ts":1761980834.4922101,"logger":"apilogger","msg":"request","path":"/api/v1/templates","method":"GET","status":200,"clientIP":"::1","latency":0.0052579}
{"level":"info","ts":1761980834.4998605,"logger":"apilogger","msg":"request","path":"/api/v1/templates","method":"GET","status":200,"clientIP":"::1","latency":0.0060618}
{"level":"info","ts":1761980847.0023386,"logger":"apilogger","msg":"request","path":"/api/v1/templates","method":"GET","status":200,"clientIP":"::1","latency":0.0042512}
{"level":"info","ts":1761980847.0104756,"logger":"apilogger","msg":"request","path":"/api/v1/templates","method":"GET","status":200,"clientIP":"::1","latency":0.0059829}
{"level":"info","ts":1761980848.578877,"logger":"apilogger","msg":"request","path":"/api/v1/templates","method":"GET","status":200,"clientIP":"::1","latency":0.0028341}
{"level":"info","ts":1761980848.5865936,"logger":"apilogger","msg":"request","path":"/api/v1/templates","method":"GET","status":200,"clientIP":"::1","latency":0.0061636}
{"level":"info","ts":1761980852.6963675,"logger":"apilogger","msg":"request","path":"/api/v1/templates","method":"GET","status":200,"clientIP":"::1","latency":0.0032655}
{"level":"info","ts":1761980852.70419,"logger":"apilogger","msg":"request","path":"/api/v1/templates","method":"GET","status":200,"clientIP":"::1","latency":0.006298}
{"level":"info","ts":1761980860.555889,"logger":"apilogger","msg":"request","path":"/api/v1/emails?limit=5","method":"GET","status":200,"clientIP":"::1","latency":0.0062117}
{"level":"info","ts":1761980860.5629423,"logger":"apilogger","msg":"request","path":"/api/v1/emails?limit=5","method":"GET","status":200,"clientIP":"::1","latency":0.0058741}
{"level":"info","ts":1761980862.0682554,"logger":"apilogger","msg":"request","path":"/api/v1/templates","method":"GET","status":200,"clientIP":"::1","latency":0.0034661}
{"level":"info","ts":1761980862.0731971,"logger":"apilogger","msg":"request","path":"/api/v1/templates","method":"GET","status":200,"clientIP":"::1","latency":0.0040258}
{"level":"info","ts":1761980863.1822789,"logger":"apilogger","msg":"request","path":"/api/v1/email-services","method":"GET","status":200,"clientIP":"::1","latency":0.0052747}
{"level":"info","ts":1761980863.192254,"logger":"apilogger","msg":"request","path":"/api/v1/email-services","method":"GET","status":200,"clientIP":"::1","latency":0.0067074}
{"level":"info","ts":1761982678.4557867,"logger":"apilogger","msg":"request","path":"/api/v1/email-services","method":"GET","status":200,"clientIP":"::1","latency":0.011673}
{"level":"info","ts":1761982678.4637833,"logger":"apilogger","msg":"request","path":"/api/v1/email-services","method":"GET","status":200,"clientIP":"::1","latency":0.0053669}
{"level":"info","ts":1761982680.806273,"logger":"apilogger","msg":"request","path":"/api/v1/emails?limit=5","method":"GET","status":200,"clientIP":"::1","latency":0.0072771}
{"level":"info","ts":1761982680.8130572,"logger":"apilogger","msg":"request","path":"/api/v1/emails?limit=5","method":"GET","status":200,"clientIP":"::1","latency":0.0059121}
{"level":"info","ts":1761982684.1778038,"logger":"apilogger","msg":"request","path":"/api/v1/templates","method":"GET","status":200,"clientIP":"::1","latency":0.0142315}
{"level":"info","ts":1761982684.1943083,"logger":"apilogger","msg":"request","path":"/api/v1/templates","method":"GET","status":200,"clientIP":"::1","latency":0.0138657}
{"level":"info","ts":1761982889.7492492,"logger":"apilogger","msg":"request","path":"/api/v1/templates/defaults","method":"GET","status":401,"clientIP":"::1","latency":0}
{"level":"info","ts":1761982902.384928,"logger":"apilogger","msg":"request","path":"/api/v1/templates","method":"GET","status":200,"clientIP":"::1","latency":0.0044067}
{"level":"info","ts":1761982902.3948233,"logger":"apilogger","msg":"request","path":"/api/v1/templates","method":"GET","status":200,"clientIP":"::1","latency":0.007471}
{"level":"info","ts":1761982943.662085,"logger":"apilogger","msg":"request","path":"/api/v1/templates","method":"GET","status":200,"clientIP":"::1","latency":0.0058079}
{"level":"info","ts":1761982943.6669345,"logger":"apilogger","msg":"request","path":"/api/v1/templates","method":"GET","status":200,"clientIP":"::1","latency":0.0033357}
{"level":"info","ts":1761983013.9069347,"logger":"apilogger","msg":"request","path":"/api/v1/templates","method":"GET","status":200,"clientIP":"::1","latency":0.0116968}
{"level":"info","ts":1761983013.9149914,"logger":"apilogger","msg":"request","path":"/api/v1/templates","method":"GET","status":200,"clientIP":"::1","latency":0.0044923}
{"level":"info","ts":1761983138.3490272,"logger":"apilogger","msg":"request","path":"/api/v1/templates/categories","method":"GET","status":200,"clientIP":"::1","latency":0.0034524}
{"level":"info","ts":1761983138.3538876,"logger":"apilogger","msg":"request","path":"/api/v1/templates/categories","method":"GET","status":200,"clientIP":"::1","latency":0.0021533}
{"level":"info","ts":1761983138.3818822,"logger":"apilogger","msg":"request","path":"/api/v1/templates","method":"GET","status":200,"clientIP":"::1","latency":0.0333651}
{"level":"info","ts":1761983138.3892195,"logger":"apilogger","msg":"request","path":"/api/v1/templates","method":"GET","status":200,"clientIP":"::1","latency":0.0056401}
{"level":"info","ts":1761983139.8543055,"logger":"apilogger","msg":"request","path":"/api/v1/templates/defaults","method":"GET","status":200,"clientIP":"::1","latency":0.0057768}
{"level":"info","ts":1761983150.8566413,"logger":"apilogger","msg":"request","path":"/api/v1/templates/defaults?category=contact_form","method":"GET","status":200,"clientIP":"::1","latency":0.0043117}
{"level":"info","ts":1761983152.0646784,"logger":"apilogger","msg":"request","path":"/api/v1/templates/defaults?category=transactional","method":"GET","status":200,"clientIP":"::1","latency":0.0037328}
{"level":"info","ts":1761983153.8565261,"logger":"apilogger","msg":"request","path":"/api/v1/templates/defaults?category=newsletter","method":"GET","status":200,"clientIP":"::1","latency":0.0029363}
{"level":"info","ts":1761983154.895818,"logger":"apilogger","msg":"request","path":"/api/v1/templates/defaults?category=notification","method":"GET","status":200,"clientIP":"::1","latency":0.003874}
{"level":"info","ts":1761983158.454794,"logger":"apilogger","msg":"request","path":"/api/v1/templates/7ce6fc8a-18e5-4fa0-a286-93957d644f3a/clone","method":"POST","status":500,"clientIP":"::1","latency":0.0039245}
{"level":"info","ts":1761983160.1334805,"logger":"apilogger","msg":"request","path":"/api/v1/templates/7ce6fc8a-18e5-4fa0-a286-93957d644f3a/clone","method":"POST","status":500,"clientIP":"::1","latency":0.0039062}
{"level":"info","ts":1761983176.612861,"logger":"apilogger","msg":"request","path":"/api/v1/templates/defaults?category=custom","method":"GET","status":200,"clientIP":"::1","latency":0.0022333}
{"level":"info","ts":1761983178.654229,"logger":"apilogger","msg":"request","path":"/api/v1/templates/defaults?category=contact_form","method":"GET","status":200,"clientIP":"::1","latency":0.0034469}
{"level":"info","ts":1761983180.412123,"logger":"apilogger","msg":"request","path":"/api/v1/templates/a1a5cc74-3f08-40da-a239-b9632f3d8284/clone","method":"POST","status":500,"clientIP":"::1","latency":0.0027855}
{"level":"info","ts":1761983183.2569633,"logger":"apilogger","msg":"request","path":"/api/v1/templates/defaults","method":"GET","status":200,"clientIP":"::1","latency":0.0032469}
{"level":"info","ts":1761983190.863036,"logger":"apilogger","msg":"request","path":"/api/v1/templates/defaults?category=notification","method":"GET","status":200,"clientIP":"::1","latency":0.0034244}
{"level":"info","ts":1761983193.3765092,"logger":"apilogger","msg":"request","path":"/api/v1/templates/defaults","method":"GET","status":200,"clientIP":"::1","latency":0.0030128}
{"level":"info","ts":1761983371.9456987,"logger":"apilogger","msg":"request","path":"/api/v1/templates/62ff62a6-abc0-45cf-905f-ce07a0bd8b35/clone","method":"POST","status":500,"clientIP":"::1","latency":0.0046356}
{"level":"info","ts":1761983372.7939901,"logger":"apilogger","msg":"request","path":"/api/v1/templates/62ff62a6-abc0-45cf-905f-ce07a0bd8b35/clone","method":"POST","status":500,"clientIP":"::1","latency":0.0036443}
{"level":"info","ts":1761983374.0140004,"logger":"apilogger","msg":"request","path":"/api/v1/templates/categories","method":"GET","status":200,"clientIP":"::1","latency":0.0013223}
{"level":"info","ts":1761983374.0158012,"logger":"apilogger","msg":"request","path":"/api/v1/templates/categories","method":"GET","status":200,"clientIP":"::1","latency":0.0005037}
{"level":"info","ts":1761983374.01874,"logger":"apilogger","msg":"request","path":"/api/v1/templates","method":"GET","status":200,"clientIP":"::1","latency":0.0029388}
{"level":"info","ts":1761983374.0276263,"logger":"apilogger","msg":"request","path":"/api/v1/templates","method":"GET","status":200,"clientIP":"::1","latency":0.0079059}
{"level":"info","ts":1761983375.537671,"logger":"apilogger","msg":"request","path":"/api/v1/templates/defaults","method":"GET","status":200,"clientIP":"::1","latency":0.0050339}
{"level":"info","ts":1761983377.61655,"logger":"apilogger","msg":"request","path":"/api/v1/templates/62ff62a6-abc0-45cf-905f-ce07a0bd8b35/clone","method":"POST","status":500,"clientIP":"::1","latency":0.0031997}
{"level":"info","ts":1761983378.4610443,"logger":"apilogger","msg":"request","path":"/api/v1/templates/62ff62a6-abc0-45cf-905f-ce07a0bd8b35/clone","method":"POST","status":500,"clientIP":"::1","latency":0.0025789}
{"level":"info","ts":1761983379.081052,"logger":"apilogger","msg":"request","path":"/api/v1/templates/62ff62a6-abc0-45cf-905f-ce07a0bd8b35/clone","method":"POST","status":500,"clientIP":"::1","latency":0.0034171}
{"level":"info","ts":1761983380.3686845,"logger":"apilogger","msg":"request","path":"/api/v1/templates/categories","method":"GET","status":200,"clientIP":"::1","latency":0.0047779}
{"level":"info","ts":1761983380.370103,"logger":"apilogger","msg":"request","path":"/api/v1/templates/categories","method":"GET","status":200,"clientIP":"::1","latency":0.0057432}
{"level":"info","ts":1761983380.3729308,"logger":"apilogger","msg":"request","path":"/api/v1/templates","method":"GET","status":200,"clientIP":"::1","latency":0.0051945}
{"level":"info","ts":1761983380.4013166,"logger":"apilogger","msg":"request","path":"/api/v1/templates","method":"GET","status":200,"clientIP":"::1","latency":0.0353032}
{"level":"info","ts":1761983388.0156255,"logger":"apilogger","msg":"request","path":"/api/v1/templates/defaults","method":"GET","status":200,"clientIP":"::1","latency":0.0034414}
{"level":"info","ts":1761983412.2493412,"logger":"apilogger","msg":"request","path":"/api/v1/templates/categories","method":"GET","status":200,"clientIP":"::1","latency":0.0048386}
{"level":"info","ts":1761983412.2503364,"logger":"apilogger","msg":"request","path":"/api/v1/templates/categories","method":"GET","status":200,"clientIP":"::1","latency":0.0015045}
{"level":"info","ts":1761983412.258971,"logger":"apilogger","msg":"request","path":"/api/v1/templates","method":"GET","status":200,"clientIP":"::1","latency":0.0059086}
{"level":"info","ts":1761983412.2621963,"logger":"apilogger","msg":"request","path":"/api/v1/templates","method":"GET","status":200,"clientIP":"::1","latency":0.009134}
{"level":"info","ts":1761983416.169232,"logger":"apilogger","msg":"request","path":"/api/v1/templates/defaults","method":"GET","status":200,"clientIP":"::1","latency":0.0046902}
{"level":"info","ts":1761983417.7551305,"logger":"apilogger","msg":"request","path":"/api/v1/templates/62ff62a6-abc0-45cf-905f-ce07a0bd8b35/clone","method":"POST","status":500,"clientIP":"::1","latency":0.005992}
{"level":"info","ts":1761983418.4513035,"logger":"apilogger","msg":"request","path":"/api/v1/templates/62ff62a6-abc0-45cf-905f-ce07a0bd8b35/clone","method":"POST","status":500,"clientIP":"::1","latency":0.0024118}
{"level":"info","ts":1761983422.7678044,"logger":"apilogger","msg":"request","path":"/api/v1/templates/62ff62a6-abc0-45cf-905f-ce07a0bd8b35/clone","method":"POST","status":500,"clientIP":"::1","latency":0.0038057}
{"level":"info","ts":1761983429.6939054,"logger":"apilogger","msg":"request","path":"/api/v1/templates/62ff62a6-abc0-45cf-905f-ce07a0bd8b35/clone","method":"POST","status":500,"clientIP":"::1","latency":0.004456}
{"level":"info","ts":1761983445.742277,"logger":"apilogger","msg":"request","path":"/api/v1/templates/62ff62a6-abc0-45cf-905f-ce07a0bd8b35/clone","method":"GET","status":404,"clientIP":"::1","latency":0}
{"level":"info","ts":1761983445.7708418,"logger":"apilogger","msg":"request","path":"/favicon.ico","method":"GET","status":404,"clientIP":"::1","latency":0}
{"level":"info","ts":1761983469.4851942,"logger":"apilogger","msg":"request","path":"/api/v1/templates/defaults","method":"GET","status":200,"clientIP":"::1","latency":0.002476}
{"level":"info","ts":1761983470.9102488,"logger":"apilogger","msg":"request","path":"/api/v1/templates/62ff62a6-abc0-45cf-905f-ce07a0bd8b35/clone","method":"POST","status":500,"clientIP":"::1","latency":0.00396}
{"level":"info","ts":1761983673.415759,"logger":"apilogger","msg":"request","path":"/api/v1/templates/categories","method":"GET","status":200,"clientIP":"::1","latency":0.0040195}
{"level":"info","ts":1761983673.4352732,"logger":"apilogger","msg":"request","path":"/api/v1/templates","method":"GET","status":200,"clientIP":"::1","latency":0.0050734}
{"level":"info","ts":1761983717.970556,"logger":"apilogger","msg":"request","path":"/api/v1/templates/categories","method":"GET","status":200,"clientIP":"::1","latency":0.0027198}
{"level":"info","ts":1761983717.9740546,"logger":"apilogger","msg":"request","path":"/api/v1/templates/categories","method":"GET","status":200,"clientIP":"::1","latency":0.0023873}
{"level":"info","ts":1761983717.9810593,"logger":"apilogger","msg":"request","path":"/api/v1/templates","method":"GET","status":200,"clientIP":"::1","latency":0.0064648}
{"level":"info","ts":1761983717.9900787,"logger":"apilogger","msg":"request","path":"/api/v1/templates","method":"GET","status":200,"clientIP":"::1","latency":0.0067617}
{"level":"info","ts":1761983719.2980797,"logger":"apilogger","msg":"request","path":"/api/v1/templates/defaults","method":"GET","status":200,"clientIP":"::1","latency":0.0037686}
{"level":"info","ts":1761983750.8605554,"logger":"apilogger","msg":"request","path":"/api/v1/templates/defaults","method":"GET","status":200,"clientIP":"::1","latency":0.0026618}
{"level":"info","ts":1761984354.2709138,"logger":"apilogger","msg":"request","path":"/api/v1/templates/defaults","method":"GET","status":200,"clientIP":"::1","latency":0.005169}
{"level":"info","ts":1761984388.2736673,"logger":"apilogger","msg":"request","path":"/api/v1/templates","method":"POST","status":500,"clientIP":"::1","latency":0.0111755}
{"level":"info","ts":1761984546.7832017,"logger":"apilogger","msg":"request","path":"/api/v1/templates","method":"POST","status":500,"clientIP":"::1","latency":0.0053307}
{"level":"info","ts":1761984554.36631,"logger":"apilogger","msg":"request","path":"/api/v1/templates/categories","method":"GET","status":200,"clientIP":"::1","latency":0.0020786}
{"level":"info","ts":1761984554.3694289,"logger":"apilogger","msg":"request","path":"/api/v1/templates/categories","method":"GET","status":200,"clientIP":"::1","latency":0.0020924}
{"level":"info","ts":1761984554.3701947,"logger":"apilogger","msg":"request","path":"/api/v1/templates","method":"GET","status":200,"clientIP":"::1","latency":0.0028581}
{"level":"info","ts":1761984554.3765807,"logger":"apilogger","msg":"request","path":"/api/v1/templates","method":"GET","status":200,"clientIP":"::1","latency":0.0036298}
{"level":"info","ts":1761984559.673033,"logger":"apilogger","msg":"request","path":"/api/v1/templates/defaults","method":"GET","status":200,"clientIP":"::1","latency":0.0028065}
{"level":"info","ts":1761984582.7608895,"logger":"apilogger","msg":"request","path":"/api/v1/templates","method":"POST","status":500,"clientIP":"::1","latency":0.0048026}
{"level":"info","ts":1761984661.2408206,"logger":"apilogger","msg":"request","path":"/api/v1/templates/defaults","method":"GET","status":200,"clientIP":"::1","latency":0.0039186}
{"level":"info","ts":1761984663.4001544,"logger":"apilogger","msg":"request","path":"/api/v1/templates/defaults","method":"GET","status":200,"clientIP":"::1","latency":0.0029313}
{"level":"info","ts":1761984731.1351302,"logger":"apilogger","msg":"request","path":"/api/v1/templates/categories","method":"GET","status":200,"clientIP":"::1","latency":0.0031353}
{"level":"info","ts":1761984731.139487,"logger":"apilogger","msg":"request","path":"/api/v1/templates/categories","method":"GET","status":200,"clientIP":"::1","latency":0.0020677}
{"level":"info","ts":1761984731.1713712,"logger":"apilogger","msg":"request","path":"/api/v1/templates","method":"GET","status":200,"clientIP":"::1","latency":0.0372724}
{"level":"info","ts":1761984731.1768682,"logger":"apilogger","msg":"request","path":"/api/v1/templates","method":"GET","status":200,"clientIP":"::1","latency":0.0037937}
{"level":"info","ts":1761984733.530846,"logger":"apilogger","msg":"request","path":"/api/v1/templates/defaults","method":"GET","status":200,"clientIP":"::1","latency":0.0056088}
{"level":"info","ts":1761984738.2181964,"logger":"apilogger","msg":"request","path":"/api/v1/templates","method":"POST","status":201,"clientIP":"::1","latency":0.009708}
{"level":"info","ts":1761984738.224666,"logger":"apilogger","msg":"request","path":"/api/v1/templates","method":"GET","status":200,"clientIP":"::1","latency":0.0023155}
{"level":"info","ts":1761984747.0775466,"logger":"apilogger","msg":"request","path":"/api/v1/templates/defaults","method":"GET","status":200,"clientIP":"::1","latency":0.0033134}
{"level":"info","ts":1761984749.010505,"logger":"apilogger","msg":"request","path":"/api/v1/templates/defaults","method":"GET","status":200,"clientIP":"::1","latency":0.0023706}
{"level":"info","ts":1761984752.6829462,"logger":"apilogger","msg":"request","path":"/api/v1/templates","method":"POST","status":201,"clientIP":"::1","latency":0.0119664}
{"level":"info","ts":1761984752.6931276,"logger":"apilogger","msg":"request","path":"/api/v1/templates","method":"GET","status":200,"clientIP":"::1","latency":0.0040551}
{"level":"info","ts":1761984771.1110785,"logger":"apilogger","msg":"request","path":"/api/v1/templates/categories","method":"GET","status":200,"clientIP":"::1","latency":0.0027661}
{"level":"info","ts":1761984771.1135676,"logger":"apilogger","msg":"request","path":"/api/v1/templates/categories","method":"GET","status":200,"clientIP":"::1","latency":0.0014357}
{"level":"info","ts":1761984771.1147084,"logger":"apilogger","msg":"request","path":"/api/v1/templates","method":"GET","status":200,"clientIP":"::1","latency":0.0031074}
{"level":"info","ts":1761984771.1222265,"logger":"apilogger","msg":"request","path":"/api/v1/templates","method":"GET","status":200,"clientIP":"::1","latency":0.0060804}
{"level":"info","ts":1761984835.7551074,"logger":"apilogger","msg":"request","path":"/api/v1/templates/categories","method":"GET","status":200,"clientIP":"::1","latency":0.0018099}
{"level":"info","ts":1761984835.7571788,"logger":"apilogger","msg":"request","path":"/api/v1/templates/categories","method":"GET","status":200,"clientIP":"::1","latency":0.0010336}
{"level":"info","ts":1761984835.7607903,"logger":"apilogger","msg":"request","path":"/api/v1/templates","method":"GET","status":200,"clientIP":"::1","latency":0.0061879}
{"level":"info","ts":1761984835.7690578,"logger":"apilogger","msg":"request","path":"/api/v1/templates","method":"GET","status":200,"clientIP":"::1","latency":0.0071851}
{"level":"info","ts":1761984901.0632596,"logger":"apilogger","msg":"request","path":"/api/v1/templates/defaults","method":"GET","status":200,"clientIP":"::1","latency":0.0040304}
{"level":"info","ts":1761984910.2227902,"logger":"apilogger","msg":"request","path":"/api/v1/templates","method":"POST","status":201,"clientIP":"::1","latency":0.0146822}
{"level":"info","ts":1761984910.2295482,"logger":"apilogger","msg":"request","path":"/api/v1/templates","method":"GET","status":200,"clientIP":"::1","latency":0.0036188}
{"level":"info","ts":1761984940.3767104,"logger":"apilogger","msg":"request","path":"/api/v1/templates","method":"GET","status":200,"clientIP":"::1","latency":0.0134751}
{"level":"info","ts":1761984940.383078,"logger":"apilogger","msg":"request","path":"/api/v1/templates","method":"GET","status":200,"clientIP":"::1","latency":0.0054368}
{"level":"info","ts":1761984944.6763659,"logger":"apilogger","msg":"request","path":"/api/v1/email-services","method":"GET","status":200,"clientIP":"::1","latency":0.0105601}
{"level":"info","ts":1761984944.6832614,"logger":"apilogger","msg":"request","path":"/api/v1/email-services","method":"GET","status":200,"clientIP":"::1","latency":0.0058528}
{"level":"info","ts":1761985289.9653249,"logger":"apilogger","msg":"request","path":"/api/v1/email-services","method":"GET","status":200,"clientIP":"::1","latency":0.0075662}
{"level":"info","ts":1761985289.9739935,"logger":"apilogger","msg":"request","path":"/api/v1/email-services","method":"GET","status":200,"clientIP":"::1","latency":0.0065832}
{"level":"info","ts":1761985290.691218,"logger":"apilogger","msg":"request","path":"/api/v1/email-services","method":"GET","status":200,"clientIP":"::1","latency":0.0049287}
{"level":"info","ts":1761985290.6975956,"logger":"apilogger","msg":"request","path":"/api/v1/email-services","method":"GET","status":200,"clientIP":"::1","latency":0.0053157}
{"level":"info","ts":1761985466.870206,"logger":"apilogger","msg":"request","path":"/api/v1/email-services","method":"GET","status":200,"clientIP":"::1","latency":0.017852}
{"level":"info","ts":1761985466.8811693,"logger":"apilogger","msg":"request","path":"/api/v1/email-services","method":"GET","status":200,"clientIP":"::1","latency":0.0063155}
{"level":"info","ts":1761985467.9542556,"logger":"apilogger","msg":"request","path":"/api/v1/email-services/providers","method":"GET","status":200,"clientIP":"::1","latency":0.0013435}
{"level":"info","ts":1761985913.5427287,"logger":"apilogger","msg":"request","path":"/api/v1/email-services","method":"POST","status":500,"clientIP":"::1","latency":0.002628}
{"level":"info","ts":1761986274.6019845,"logger":"apilogger","msg":"request","path":"/api/v1/email-services/providers","method":"GET","status":401,"clientIP":"::1","latency":0}
{"level":"info","ts":1761986311.9630847,"logger":"apilogger","msg":"request","path":"/api/v1/email-services","method":"GET","status":200,"clientIP":"::1","latency":0.0084537}
{"level":"info","ts":1761986311.9688213,"logger":"apilogger","msg":"request","path":"/api/v1/email-services","method":"GET","status":200,"clientIP":"::1","latency":0.0034537}
{"level":"info","ts":1761986313.5115323,"logger":"apilogger","msg":"request","path":"/api/v1/email-services/providers","method":"GET","status":200,"clientIP":"::1","latency":0.002207}
{"level":"info","ts":1761986371.9400566,"logger":"apilogger","msg":"request","path":"/api/v1/email-services","method":"POST","status":201,"clientIP":"::1","latency":0.0104261}
{"level":"info","ts":1761986371.947994,"logger":"apilogger","msg":"request","path":"/api/v1/email-services","method":"GET","status":200,"clientIP":"::1","latency":0.0038562}
{"level":"info","ts":1761986386.648289,"logger":"apilogger","msg":"request","path":"/api/v1/email-services/948f230a-99e9-4219-8a75-c2d258c82cfd/test","method":"POST","status":200,"clientIP":"::1","latency":0.0092183}
{"level":"info","ts":1761986422.6991389,"logger":"apilogger","msg":"request","path":"/api/v1/email-services/948f230a-99e9-4219-8a75-c2d258c82cfd/test","method":"POST","status":200,"clientIP":"::1","latency":0.0086502}
{"level":"info","ts":1761986427.9842544,"logger":"apilogger","msg":"request","path":"/api/v1/email-services/948f230a-99e9-4219-8a75-c2d258c82cfd/test","method":"POST","status":200,"clientIP":"::1","latency":0.014661}
{"level":"info","ts":1761986466.2972405,"logger":"apilogger","msg":"request","path":"/api/v1/email-services/948f230a-99e9-4219-8a75-c2d258c82cfd/test","method":"POST","status":200,"clientIP":"::1","latency":0.0158609}
{"level":"info","ts":1761986499.219186,"logger":"apilogger","msg":"request","path":"/api/v1/templates/categories","method":"GET","status":200,"clientIP":"::1","latency":0.0040738}
{"level":"info","ts":1761986499.2442827,"logger":"apilogger","msg":"request","path":"/api/v1/templates","method":"GET","status":200,"clientIP":"::1","latency":0.0250962}
{"level":"info","ts":1761986499.2531137,"logger":"apilogger","msg":"request","path":"/api/v1/templates","method":"GET","status":200,"clientIP":"::1","latency":0.0077516}
{"level":"info","ts":1761986499.2697692,"logger":"apilogger","msg":"request","path":"/api/v1/templates/categories","method":"GET","status":200,"clientIP":"::1","latency":0.0483715}
{"level":"info","ts":1761986500.3703547,"logger":"apilogger","msg":"request","path":"/api/v1/templates","method":"GET","status":200,"clientIP":"::1","latency":0.012268}
{"level":"info","ts":1761986500.3789368,"logger":"apilogger","msg":"request","path":"/api/v1/templates","method":"GET","status":200,"clientIP":"::1","latency":0.0072883}
{"level":"info","ts":1761986501.9106672,"logger":"apilogger","msg":"request","path":"/api/v1/templates/categories","method":"GET","status":200,"clientIP":"::1","latency":0.0048534}
{"level":"info","ts":1761986501.9146094,"logger":"apilogger","msg":"request","path":"/api/v1/templates","method":"GET","status":200,"clientIP":"::1","latency":0.0077746}
{"level":"info","ts":1761986501.915697,"logger":"apilogger","msg":"request","path":"/api/v1/templates/categories","method":"GET","status":200,"clientIP":"::1","latency":0.00299}
{"level":"info","ts":1761986501.9258792,"logger":"apilogger","msg":"request","path":"/api/v1/templates","method":"GET","status":200,"clientIP":"::1","latency":0.0101821}
{"level":"info","ts":1761986503.7362454,"logger":"apilogger","msg":"request","path":"/api/v1/templates","method":"GET","status":200,"clientIP":"::1","latency":0.0054607}
{"level":"info","ts":1761986503.7425158,"logger":"apilogger","msg":"request","path":"/api/v1/templates","method":"GET","status":200,"clientIP":"::1","latency":0.0056288}
{"level":"info","ts":1761986505.13369,"logger":"apilogger","msg":"request","path":"/api/v1/templates/categories","method":"GET","status":200,"clientIP":"::1","latency":0.0031113}
{"level":"info","ts":1761986505.1379173,"logger":"apilogger","msg":"request","path":"/api/v1/templates/categories","method":"GET","status":200,"clientIP":"::1","latency":0.0025162}
{"level":"info","ts":1761986505.1384988,"logger":"apilogger","msg":"request","path":"/api/v1/templates","method":"GET","status":200,"clientIP":"::1","latency":0.0067966}
{"level":"info","ts":1761986505.1456037,"logger":"apilogger","msg":"request","path":"/api/v1/templates","method":"GET","status":200,"clientIP":"::1","latency":0.0055632}
{"level":"info","ts":1761986508.0313203,"logger":"apilogger","msg":"request","path":"/api/v1/templates","method":"GET","status":200,"clientIP":"::1","latency":0.0063851}
{"level":"info","ts":1761986508.0371828,"logger":"apilogger","msg":"request","path":"/api/v1/templates","method":"GET","status":200,"clientIP":"::1","latency":0.0046063}
{"level":"info","ts":1761987547.1682065,"logger":"apilogger","msg":"request","path":"/api/v1/templates/categories","method":"GET","status":200,"clientIP":"::1","latency":0.0062868}
{"level":"info","ts":1761987547.1735752,"logger":"apilogger","msg":"request","path":"/api/v1/templates/categories","method":"GET","status":200,"clientIP":"::1","latency":0.0018665}
{"level":"info","ts":1761987547.1921687,"logger":"apilogger","msg":"request","path":"/api/v1/templates","method":"GET","status":200,"clientIP":"::1","latency":0.0278076}
{"level":"info","ts":1761987547.1960042,"logger":"apilogger","msg":"request","path":"/api/v1/templates","method":"GET","status":200,"clientIP":"::1","latency":0.0028101}
{"level":"info","ts":1761987548.5181193,"logger":"apilogger","msg":"request","path":"/api/v1/email-services","method":"GET","status":200,"clientIP":"::1","latency":0.0069751}
{"level":"info","ts":1761987548.5225887,"logger":"apilogger","msg":"request","path":"/api/v1/email-services","method":"GET","status":200,"clientIP":"::1","latency":0.0034376}
{"level":"info","ts":1761987556.988447,"logger":"apilogger","msg":"request","path":"/api/v1/email-services/948f230a-99e9-4219-8a75-c2d258c82cfd/test","method":"POST","status":200,"clientIP":"::1","latency":0.0105046}
{"level":"info","ts":1761987837.3377914,"logger":"apilogger","msg":"request","path":"/api/v1/email-services","method":"GET","status":200,"clientIP":"::1","latency":0.0034507}
{"level":"info","ts":1761987837.3452418,"logger":"apilogger","msg":"request","path":"/api/v1/email-services","method":"GET","status":200,"clientIP":"::1","latency":0.0045861}
{"level":"info","ts":1761987842.998038,"logger":"apilogger","msg":"request","path":"/api/v1/email-services/948f230a-99e9-4219-8a75-c2d258c82cfd/test","method":"POST","status":200,"clientIP":"::1","latency":0.0135818}
{"level":"info","ts":1761988123.1013916,"logger":"apilogger","msg":"request","path":"/api/v1/email-services","method":"GET","status":200,"clientIP":"::1","latency":0.0096828}
{"level":"info","ts":1761988123.1073968,"logger":"apilogger","msg":"request","path":"/api/v1/email-services","method":"GET","status":200,"clientIP":"::1","latency":0.0030469}
{"level":"info","ts":1761988135.3218415,"logger":"apilogger","msg":"request","path":"/api/v1/email-services/948f230a-99e9-4219-8a75-c2d258c82cfd/test","method":"POST","status":200,"clientIP":"::1","latency":0.0103602}
{"level":"info","ts":1761988329.218765,"logger":"apilogger","msg":"request","path":"/api/v1/email-services/948f230a-99e9-4219-8a75-c2d258c82cfd/test","method":"POST","status":200,"clientIP":"::1","latency":0.0178097}
{"level":"info","ts":1761988927.1788166,"logger":"apilogger","msg":"request","path":"/api/v1/email-services","method":"GET","status":200,"clientIP":"::1","latency":0.0076467}
{"level":"info","ts":1761988927.187902,"logger":"apilogger","msg":"request","path":"/api/v1/email-services","method":"GET","status":200,"clientIP":"::1","latency":0.0054219}
{"level":"info","ts":1761988935.0280933,"logger":"apilogger","msg":"request","path":"/api/v1/email-services/948f230a-99e9-4219-8a75-c2d258c82cfd/test","method":"POST","status":200,"clientIP":"::1","latency":0.5023868}
{"level":"info","ts":1761990341.5161874,"logger":"apilogger","msg":"request","path":"/api/v1/auth/login","method":"POST","status":200,"clientIP":"::1","latency":0.078994}
{"level":"info","ts":1761990342.445757,"logger":"apilogger","msg":"request","path":"/api/v1/emails?limit=5","method":"GET","status":200,"clientIP":"::1","latency":0.006897}
{"level":"info","ts":1761990342.4518075,"logger":"apilogger","msg":"request","path":"/api/v1/emails?limit=5","method":"GET","status":200,"clientIP":"::1","latency":0.0046074}
